2023-05-20 09:39:16:INFO:DAX40 constituents loaded successfully
2023-05-20 09:39:54:INFO:DAX40 constituents loaded successfully
2023-05-20 09:42:37:INFO:Uniques sectors replaced with "other"
2023-05-20 09:52:35:WARNING:Non-existent ticker ADS.DEE or no data for given time interval
2023-05-20 09:52:39:WARNING:Non-existent ticker BAYN.DEE or no data for given time interval
2023-05-20 10:06:55:INFO:Successfully downloaded stocks ['ADS.DE', 'AIR.DE', 'ALV.DE', 'BAS.DE', 'BAYN.DE', 'BEI.DE', 'BMW.DE', 'BNR.DE', 'CBK.DE', 'CON.DE', '1COV.DE', 'DTG.DE', 'DBK.DE', 'DB1.DE', 'DPW.DE', 'DTE.DE', 'EOAN.DE', 'FRE.DE', 'HNR1.DE', 'HEI.DE', 'HEN3.DE', 'IFX.DE', 'MBG.DE', 'MRK.DE', 'MTX.DE', 'MUV2.DE', 'P911.DE', 'PAH3.DE', 'QIA.DE', 'RHM.DE', 'RWE.DE', 'SAP.DE', 'SRT3.DE', 'SIE.DE', 'ENR.DE', 'SHL.DE', 'SY1.DE', 'VOW3.DE', 'VNA.DE', 'ZAL.DE']
2023-05-20 10:09:20:WARNING:Non-existent ticker ADS.DEE or no data for given time interval
2023-05-20 10:09:24:WARNING:Non-existent ticker BAYN.DEE or no data for given time interval
2023-05-20 10:09:26:INFO:Successfully downloaded stocks ['AIR.DE', 'ALV.DE', 'BAS.DE', '1COV.DE']
2023-05-20 10:11:31:WARNING:Non-existent ticker ADS.DEE or no data for given time interval
2023-05-20 10:11:49:WARNING:Non-existent ticker ADS.DEE or no data for given time interval
2023-05-20 10:12:19:WARNING:Non-existent ticker ADS.DEE or no data for given time interval
2023-05-20 10:12:23:WARNING:Non-existent ticker BAYN.DEE or no data for given time interval
2023-05-20 10:12:25:INFO:Successfully downloaded stocks ('AIR.DE', 'ALV.DE', 'BAS.DE', '1COV.DE')
2023-05-20 10:15:05:INFO:Successfully downloaded stocks ('ADS.DE', 'AIR.DE', 'ALV.DE', 'BAS.DE', 'BAYN.DE', 'BEI.DE', 'BMW.DE', 'BNR.DE', 'CBK.DE', 'CON.DE', '1COV.DE', 'DTG.DE', 'DBK.DE', 'DB1.DE', 'DPW.DE', 'DTE.DE', 'EOAN.DE', 'FRE.DE', 'HNR1.DE', 'HEI.DE', 'HEN3.DE', 'IFX.DE', 'MBG.DE', 'MRK.DE', 'MTX.DE', 'MUV2.DE', 'P911.DE', 'PAH3.DE', 'QIA.DE', 'RHM.DE', 'RWE.DE', 'SAP.DE', 'SRT3.DE', 'SIE.DE', 'ENR.DE', 'SHL.DE', 'SY1.DE', 'VOW3.DE', 'VNA.DE', 'ZAL.DE')
2023-05-20 10:26:29:INFO:['BNR.DE', '1COV.DE', 'DTG.DE', 'MTX.DE', 'P911.DE', 'PAH3.DE', 'ENR.DE', 'SHL.DE', 'SY1.DE', 'VNA.DE', 'ZAL.DE'] contain NA values. They are dropped from the dataframe
2023-05-20 10:27:22:INFO:['BNR.DE', '1COV.DE', 'DTG.DE', 'MTX.DE', 'P911.DE', 'PAH3.DE', 'ENR.DE', 'SHL.DE', 'SY1.DE', 'VNA.DE', 'ZAL.DE'] contain NA values. They are dropped from the dataframe
2023-05-20 10:35:50:INFO:DAX40 constituents loaded successfully
2023-05-20 10:36:04:INFO:DAX40 constituents loaded successfully
2023-05-20 10:48:18:INFO:DAX40 constituents loaded successfully
2023-05-20 10:51:53:INFO:Successfully downloaded stocks ('ADS.DE', 'AIR.DE', 'ALV.DE', 'BAS.DE', 'BAYN.DE', 'BEI.DE', 'BMW.DE', 'BNR.DE', 'CBK.DE', 'CON.DE', '1COV.DE', 'DTG.DE', 'DBK.DE', 'DB1.DE', 'DPW.DE', 'DTE.DE', 'EOAN.DE', 'FRE.DE', 'HNR1.DE', 'HEI.DE', 'HEN3.DE', 'IFX.DE', 'MBG.DE', 'MRK.DE', 'MTX.DE', 'MUV2.DE', 'P911.DE', 'PAH3.DE', 'QIA.DE', 'RHM.DE', 'RWE.DE', 'SAP.DE', 'SRT3.DE', 'SIE.DE', 'ENR.DE', 'SHL.DE', 'SY1.DE', 'VOW3.DE', 'VNA.DE', 'ZAL.DE')
2023-05-20 10:52:41:INFO:['BNR.DE', '1COV.DE', 'DTG.DE', 'MTX.DE', 'P911.DE', 'PAH3.DE', 'ENR.DE', 'SHL.DE', 'SY1.DE', 'VNA.DE', 'ZAL.DE'] contain NA values. They are dropped from the dataframe
2023-05-20 17:13:52:INFO :DAX40 constituents loaded successfully
2023-05-20 17:22:36:INFO :Successfully downloaded stocks ['ADS.DE', 'AIR.DE', 'ALV.DE', 'BAS.DE', 'BAYN.DE', 'BEI.DE', 'BMW.DE', 'BNR.DE', 'CBK.DE', 'CON.DE', '1COV.DE', 'DTG.DE', 'DBK.DE', 'DB1.DE', 'DPW.DE', 'DTE.DE', 'EOAN.DE', 'FRE.DE', 'HNR1.DE', 'HEI.DE', 'HEN3.DE', 'IFX.DE', 'MBG.DE', 'MRK.DE', 'MTX.DE', 'MUV2.DE', 'P911.DE', 'PAH3.DE', 'QIA.DE', 'RHM.DE', 'RWE.DE', 'SAP.DE', 'SRT3.DE', 'SIE.DE', 'ENR.DE', 'SHL.DE', 'SY1.DE', 'VOW3.DE', 'VNA.DE', 'ZAL.DE']
2023-05-20 18:03:34:INFO :DAX40 constituents loaded successfully
2023-05-20 18:04:21:INFO :Successfully downloaded stocks ['ADS.DE', 'AIR.DE', 'ALV.DE', 'BAS.DE', 'BAYN.DE', 'BEI.DE', 'BMW.DE', 'BNR.DE', 'CBK.DE', 'CON.DE', '1COV.DE', 'DTG.DE', 'DBK.DE', 'DB1.DE', 'DPW.DE', 'DTE.DE', 'EOAN.DE', 'FRE.DE', 'HNR1.DE', 'HEI.DE', 'HEN3.DE', 'IFX.DE', 'MBG.DE', 'MRK.DE', 'MTX.DE', 'MUV2.DE', 'P911.DE', 'PAH3.DE', 'QIA.DE', 'RHM.DE', 'RWE.DE', 'SAP.DE', 'SRT3.DE', 'SIE.DE', 'ENR.DE', 'SHL.DE', 'SY1.DE', 'VOW3.DE', 'VNA.DE', 'ZAL.DE']
2023-05-20 18:04:22:INFO :['BNR.DE', '1COV.DE', 'DTG.DE', 'MTX.DE', 'P911.DE', 'PAH3.DE', 'ENR.DE', 'SHL.DE', 'SY1.DE', 'VNA.DE', 'ZAL.DE'] contain NA values. They are dropped from the dataframe
2023-05-23 10:21:56:INFO :DAX40 constituents loaded successfully
2023-05-23 10:22:37:INFO :Successfully downloaded stocks ['ADS.DE', 'AIR.DE', 'ALV.DE', 'BAS.DE', 'BAYN.DE', 'BEI.DE', 'BMW.DE', 'BNR.DE', 'CBK.DE', 'CON.DE', '1COV.DE', 'DTG.DE', 'DBK.DE', 'DB1.DE', 'DPW.DE', 'DTE.DE', 'EOAN.DE', 'FRE.DE', 'HNR1.DE', 'HEI.DE', 'HEN3.DE', 'IFX.DE', 'MBG.DE', 'MRK.DE', 'MTX.DE', 'MUV2.DE', 'P911.DE', 'PAH3.DE', 'QIA.DE', 'RHM.DE', 'RWE.DE', 'SAP.DE', 'SRT3.DE', 'SIE.DE', 'ENR.DE', 'SHL.DE', 'SY1.DE', 'VOW3.DE', 'VNA.DE', 'ZAL.DE']
2023-05-23 10:22:38:INFO :['BNR.DE', '1COV.DE', 'DTG.DE', 'MTX.DE', 'P911.DE', 'PAH3.DE', 'ENR.DE', 'SHL.DE', 'SY1.DE', 'VNA.DE', 'ZAL.DE'] contain NA values. They are dropped from the dataframe
2023-05-23 13:13:29:INFO :DAX40 constituents loaded successfully
2023-05-23 13:14:02:INFO :Successfully downloaded stocks ['ADS.DE', 'AIR.DE', 'ALV.DE', 'BAS.DE', 'BAYN.DE', 'BEI.DE', 'BMW.DE', 'BNR.DE', 'CBK.DE', 'CON.DE', '1COV.DE', 'DTG.DE', 'DBK.DE', 'DB1.DE', 'DPW.DE', 'DTE.DE', 'EOAN.DE', 'FRE.DE', 'HNR1.DE', 'HEI.DE', 'HEN3.DE', 'IFX.DE', 'MBG.DE', 'MRK.DE', 'MTX.DE', 'MUV2.DE', 'P911.DE', 'PAH3.DE', 'QIA.DE', 'RHM.DE', 'RWE.DE', 'SAP.DE', 'SRT3.DE', 'SIE.DE', 'ENR.DE', 'SHL.DE', 'SY1.DE', 'VOW3.DE', 'VNA.DE', 'ZAL.DE']
2023-05-23 13:14:03:INFO :['BNR.DE', '1COV.DE', 'DTG.DE', 'MTX.DE', 'P911.DE', 'PAH3.DE', 'ENR.DE', 'SHL.DE', 'SY1.DE', 'VNA.DE', 'ZAL.DE'] contain NA values. They are dropped from the dataframe
2023-05-24 13:24:22:INFO :DAX40 constituents loaded successfully
2023-05-24 13:25:01:INFO :Successfully downloaded stocks ['ADS.DE', 'AIR.DE', 'ALV.DE', 'BAS.DE', 'BAYN.DE', 'BEI.DE', 'BMW.DE', 'BNR.DE', 'CBK.DE', 'CON.DE', '1COV.DE', 'DTG.DE', 'DBK.DE', 'DB1.DE', 'DPW.DE', 'DTE.DE', 'EOAN.DE', 'FRE.DE', 'HNR1.DE', 'HEI.DE', 'HEN3.DE', 'IFX.DE', 'MBG.DE', 'MRK.DE', 'MTX.DE', 'MUV2.DE', 'P911.DE', 'PAH3.DE', 'QIA.DE', 'RHM.DE', 'RWE.DE', 'SAP.DE', 'SRT3.DE', 'SIE.DE', 'ENR.DE', 'SHL.DE', 'SY1.DE', 'VOW3.DE', 'VNA.DE', 'ZAL.DE']
2023-05-24 13:25:02:INFO :['BNR.DE', '1COV.DE', 'DTG.DE', 'MTX.DE', 'P911.DE', 'PAH3.DE', 'ENR.DE', 'SHL.DE', 'SY1.DE', 'VNA.DE', 'ZAL.DE'] contain NA values. They are dropped from the dataframe
2023-05-30 07:42:39:INFO :DAX40 constituents loaded successfully
2023-05-30 07:43:21:INFO :Successfully downloaded stocks ['ADS.DE', 'AIR.DE', 'ALV.DE', 'BAS.DE', 'BAYN.DE', 'BEI.DE', 'BMW.DE', 'BNR.DE', 'CBK.DE', 'CON.DE', '1COV.DE', 'DTG.DE', 'DBK.DE', 'DB1.DE', 'DPW.DE', 'DTE.DE', 'EOAN.DE', 'FRE.DE', 'HNR1.DE', 'HEI.DE', 'HEN3.DE', 'IFX.DE', 'MBG.DE', 'MRK.DE', 'MTX.DE', 'MUV2.DE', 'P911.DE', 'PAH3.DE', 'QIA.DE', 'RHM.DE', 'RWE.DE', 'SAP.DE', 'SRT3.DE', 'SIE.DE', 'ENR.DE', 'SHL.DE', 'SY1.DE', 'VOW3.DE', 'VNA.DE', 'ZAL.DE']
2023-05-30 07:43:21:INFO :['BNR.DE', '1COV.DE', 'DTG.DE', 'MTX.DE', 'P911.DE', 'PAH3.DE', 'ENR.DE', 'SHL.DE', 'SY1.DE', 'VNA.DE', 'ZAL.DE'] contain NA values. They are dropped from the dataframe
2023-05-30 12:58:22:INFO :DAX40 constituents loaded successfully
2023-05-30 12:58:56:INFO :Successfully downloaded stocks ['ADS.DE', 'AIR.DE', 'ALV.DE', 'BAS.DE', 'BAYN.DE', 'BEI.DE', 'BMW.DE', 'BNR.DE', 'CBK.DE', 'CON.DE', '1COV.DE', 'DTG.DE', 'DBK.DE', 'DB1.DE', 'DPW.DE', 'DTE.DE', 'EOAN.DE', 'FRE.DE', 'HNR1.DE', 'HEI.DE', 'HEN3.DE', 'IFX.DE', 'MBG.DE', 'MRK.DE', 'MTX.DE', 'MUV2.DE', 'P911.DE', 'PAH3.DE', 'QIA.DE', 'RHM.DE', 'RWE.DE', 'SAP.DE', 'SRT3.DE', 'SIE.DE', 'ENR.DE', 'SHL.DE', 'SY1.DE', 'VOW3.DE', 'VNA.DE', 'ZAL.DE']
2023-05-30 12:58:56:INFO :['BNR.DE', '1COV.DE', 'DTG.DE', 'MTX.DE', 'P911.DE', 'PAH3.DE', 'ENR.DE', 'SHL.DE', 'SY1.DE', 'VNA.DE', 'ZAL.DE'] contain NA values. They are dropped from the dataframe
2023-05-31 08:07:58:INFO :DAX40 constituents loaded successfully
2023-05-31 08:08:31:INFO :Successfully downloaded stocks ['ADS.DE', 'AIR.DE', 'ALV.DE', 'BAS.DE', 'BAYN.DE', 'BEI.DE', 'BMW.DE', 'BNR.DE', 'CBK.DE', 'CON.DE', '1COV.DE', 'DTG.DE', 'DBK.DE', 'DB1.DE', 'DPW.DE', 'DTE.DE', 'EOAN.DE', 'FRE.DE', 'HNR1.DE', 'HEI.DE', 'HEN3.DE', 'IFX.DE', 'MBG.DE', 'MRK.DE', 'MTX.DE', 'MUV2.DE', 'P911.DE', 'PAH3.DE', 'QIA.DE', 'RHM.DE', 'RWE.DE', 'SAP.DE', 'SRT3.DE', 'SIE.DE', 'ENR.DE', 'SHL.DE', 'SY1.DE', 'VOW3.DE', 'VNA.DE', 'ZAL.DE']
2023-05-31 08:08:32:INFO :['BNR.DE', '1COV.DE', 'DTG.DE', 'MTX.DE', 'P911.DE', 'PAH3.DE', 'ENR.DE', 'SHL.DE', 'SY1.DE', 'VNA.DE', 'ZAL.DE'] contain NA values. They are dropped from the dataframe
2023-05-31 09:41:37:INFO :DAX40 constituents loaded successfully
2023-05-31 09:42:08:INFO :Successfully downloaded stocks ['ADS.DE', 'AIR.DE', 'ALV.DE', 'BAS.DE', 'BAYN.DE', 'BEI.DE', 'BMW.DE', 'BNR.DE', 'CBK.DE', 'CON.DE', '1COV.DE', 'DTG.DE', 'DBK.DE', 'DB1.DE', 'DPW.DE', 'DTE.DE', 'EOAN.DE', 'FRE.DE', 'HNR1.DE', 'HEI.DE', 'HEN3.DE', 'IFX.DE', 'MBG.DE', 'MRK.DE', 'MTX.DE', 'MUV2.DE', 'P911.DE', 'PAH3.DE', 'QIA.DE', 'RHM.DE', 'RWE.DE', 'SAP.DE', 'SRT3.DE', 'SIE.DE', 'ENR.DE', 'SHL.DE', 'SY1.DE', 'VOW3.DE', 'VNA.DE', 'ZAL.DE']
2023-05-31 09:42:08:INFO :['BNR.DE', '1COV.DE', 'DTG.DE', 'MTX.DE', 'P911.DE', 'PAH3.DE', 'ENR.DE', 'SHL.DE', 'SY1.DE', 'VNA.DE', 'ZAL.DE'] contain NA values. They are dropped from the dataframe
2023-06-18 08:24:04:INFO :DAX40 constituents loaded successfully
2023-06-18 09:10:04:INFO :DAX40 tickers loaded successfully
2023-06-18 09:13:30:INFO :DAX40 tickers loaded successfully
2023-06-18 09:17:44:INFO :DAX40 tickers loaded successfully
2023-06-18 09:17:56:INFO :DAX40 tickers loaded successfully
2023-06-18 09:21:19:INFO :DAX40 tickers loaded successfully
2023-06-18 09:24:13:INFO :DAX40 tickers loaded successfully
2023-06-18 09:24:35:INFO :DAX40 tickers loaded successfully
2023-06-18 09:26:03:INFO :DAX40 tickers loaded successfully
2023-06-18 09:27:44:INFO :DAX40 tickers loaded successfully
2023-06-18 09:27:58:INFO :DAX40 tickers loaded successfully
2023-06-18 09:30:01:INFO :DAX40 tickers loaded successfully
2023-06-18 09:30:42:INFO :DAX40 tickers loaded successfully
2023-06-18 09:37:27:INFO :DAX40 tickers loaded successfully
2023-06-18 09:38:00:INFO :DAX40 tickers loaded successfully
2023-06-18 09:41:45:INFO :DAX40 tickers loaded successfully
2023-06-18 09:43:26:INFO :DAX40 tickers loaded successfully
2023-06-18 09:51:53:INFO :DAX40 tickers loaded successfully
2023-06-18 13:05:59:INFO :DAX40 tickers loaded successfully
2023-06-18 13:08:31:INFO :DAX40 tickers loaded successfully
2023-06-18 13:10:14:INFO :DAX40 tickers loaded successfully
2023-06-18 14:27:50:INFO :Successfully downloaded stocks ['ADS.DE', 'AIR.DE', 'ALV.DE', 'BAS.DE', 'BAYN.DE', 'BEI.DE', 'BMW.DE', 'BNR.DE', 'CBK.DE', 'CON.DE', '1COV.DE', 'DTG.DE', 'DBK.DE', 'DB1.DE', 'DPW.DE', 'DTE.DE', 'EOAN.DE', 'FRE.DE', 'HNR1.DE', 'HEI.DE', 'HEN3.DE', 'IFX.DE', 'MBG.DE', 'MRK.DE', 'MTX.DE', 'MUV2.DE', 'P911.DE', 'PAH3.DE', 'QIA.DE', 'RHM.DE', 'RWE.DE', 'SAP.DE', 'SRT3.DE', 'SIE.DE', 'ENR.DE', 'SHL.DE', 'SY1.DE', 'VOW3.DE', 'VNA.DE', 'ZAL.DE']
2023-06-18 19:52:11:INFO :Successfully downloaded stocks ['META', 'GOOG', 'ADS.DE', 'ZAL.DE', 'BMW.DE']
2023-06-18 19:57:30:WARNING :Non-existent ticker ADS.DE or no data for given time interval
2023-06-18 19:58:06:INFO :Successfully downloaded stocks ['META', 'GOOG', 'ZAL.DE', 'BMW.DE']
2023-06-18 20:01:54:WARNING :Non-existent ticker META or no data for given time interval
2023-06-18 20:01:58:WARNING :Non-existent ticker GOOGG or no data for given time interval
2023-06-18 20:02:46:INFO :Successfully downloaded stocks ['ADS.DE', 'ZAL.DE', 'BMW.DE']
2023-06-18 20:05:07:WARNING :Non-existent ticker GOOGG or no data for given time interval
2023-06-18 20:05:43:INFO :Successfully downloaded stocks ['META', 'ADS.DE', 'ZAL.DE', 'BMW.DE']
2023-06-18 20:06:26:WARNING :Non-existent ticker GOOGG or no data for given time interval
2023-06-18 20:07:24:INFO :Successfully downloaded stocks ['META', 'ADS.DE', 'ZAL.DE', 'BMW.DE']
2023-06-18 20:32:56:INFO :Successfully downloaded stocks: ['META', 'ADS.DE', 'ZAL.DE', 'BMW.DE']
2023-06-18 20:32:56:WARNING :Non-existent tickers or no data for given time interval: ['GOOGG']
2023-06-18 21:00:09:INFO :Successfully downloaded stocks: ['META', 'ADS.DE', 'ZAL.DE', 'BMW.DE']
2023-06-18 21:00:09:WARNING :Non-existent tickers or no data for given time interval: ['GOOGG']
2023-06-23 12:53:05:INFO :DAX40 tickers loaded successfully
2023-06-23 12:54:31:INFO :Successfully downloaded stocks: ['ADS.DE', 'AIR.DE', 'ALV.DE', 'BAS.DE', 'BAYN.DE', 'BEI.DE', 'BMW.DE', 'BNR.DE', 'CBK.DE', 'CON.DE', '1COV.DE', 'DTG.DE', 'DBK.DE', 'DB1.DE', 'DPW.DE', 'DTE.DE', 'EOAN.DE', 'FRE.DE', 'HNR1.DE', 'HEI.DE', 'HEN3.DE', 'IFX.DE', 'MBG.DE', 'MRK.DE', 'MTX.DE', 'MUV2.DE', 'P911.DE', 'PAH3.DE', 'QIA.DE', 'RHM.DE', 'RWE.DE', 'SAP.DE', 'SRT3.DE', 'SIE.DE', 'ENR.DE', 'SHL.DE', 'SY1.DE', 'VOW3.DE', 'VNA.DE', 'ZAL.DE']
2023-06-23 12:54:31:WARNING :Non-existent tickers or no data for given time interval: []
2023-06-23 12:55:04:INFO :Successfully downloaded stocks: ['META', 'ADS.DE', 'ZAL.DE', 'BMW.DE']
2023-06-23 12:55:04:WARNING :Non-existent tickers or no data for given time interval: ['GOOGG']
2023-06-23 13:11:22:INFO :Successfully downloaded stocks: ['META', 'ADS.DE', 'ZAL.DE', 'BMW.DE']
2023-06-23 13:11:22:WARNING :Non-existent tickers or no data for given time interval: ['GOOGG']
2023-06-23 13:19:56:INFO :DAX40 tickers loaded successfully
2023-06-23 13:20:38:INFO :Successfully downloaded stocks: ['ADS.DE', 'AIR.DE', 'ALV.DE', 'BAS.DE', 'BAYN.DE', 'BEI.DE', 'BMW.DE', 'BNR.DE', 'CBK.DE', 'CON.DE', '1COV.DE', 'DTG.DE', 'DBK.DE', 'DB1.DE', 'DPW.DE', 'DTE.DE', 'EOAN.DE', 'FRE.DE', 'HNR1.DE', 'HEI.DE', 'HEN3.DE', 'IFX.DE', 'MBG.DE', 'MRK.DE', 'MTX.DE', 'MUV2.DE', 'P911.DE', 'PAH3.DE', 'QIA.DE', 'RHM.DE', 'RWE.DE', 'SAP.DE', 'SRT3.DE', 'SIE.DE', 'ENR.DE', 'SHL.DE', 'SY1.DE', 'VOW3.DE', 'VNA.DE', 'ZAL.DE']
2023-06-23 13:20:38:WARNING :Non-existent tickers or no data for given time interval: []
2023-06-23 13:21:13:INFO :Successfully downloaded stocks: ['META', 'ADS.DE', 'ZAL.DE', 'BMW.DE']
2023-06-23 13:21:13:WARNING :Non-existent tickers or no data for given time interval: ['GOOGG']
2023-06-23 13:30:20:INFO :Successfully downloaded stocks: ['META', 'ADS.DE', 'ZAL.DE', 'BMW.DE']
2023-06-23 13:30:20:WARNING :Non-existent tickers or no data for given time interval: ['GOOGG']
2023-06-23 13:30:43:INFO :DAX40 tickers loaded successfully
2023-06-23 13:31:39:INFO :Successfully downloaded stocks: ['ADS.DE', 'AIR.DE', 'ALV.DE', 'BAS.DE', 'BAYN.DE', 'BEI.DE', 'BMW.DE', 'BNR.DE', 'CBK.DE', 'CON.DE', '1COV.DE', 'DTG.DE', 'DBK.DE', 'DB1.DE', 'DPW.DE', 'DTE.DE', 'EOAN.DE', 'FRE.DE', 'HNR1.DE', 'HEI.DE', 'HEN3.DE', 'IFX.DE', 'MBG.DE', 'MRK.DE', 'MTX.DE', 'MUV2.DE', 'P911.DE', 'PAH3.DE', 'QIA.DE', 'RHM.DE', 'RWE.DE', 'SAP.DE', 'SRT3.DE', 'SIE.DE', 'ENR.DE', 'SHL.DE', 'SY1.DE', 'VOW3.DE', 'VNA.DE', 'ZAL.DE']
2023-06-23 13:31:39:WARNING :Non-existent tickers or no data for given time interval: []
2023-06-23 13:32:20:INFO :Successfully downloaded stocks: ['META', 'ADS.DE', 'ZAL.DE', 'BMW.DE']
2023-06-23 13:32:20:WARNING :Non-existent tickers or no data for given time interval: ['GOOGG']
2023-06-23 13:40:30:INFO :DAX40 tickers loaded successfully
2023-06-23 13:41:17:INFO :Successfully downloaded stocks: ['ADS.DE', 'AIR.DE', 'ALV.DE', 'BAS.DE', 'BAYN.DE', 'BEI.DE', 'BMW.DE', 'BNR.DE', 'CBK.DE', 'CON.DE', '1COV.DE', 'DTG.DE', 'DBK.DE', 'DB1.DE', 'DPW.DE', 'DTE.DE', 'EOAN.DE', 'FRE.DE', 'HNR1.DE', 'HEI.DE', 'HEN3.DE', 'IFX.DE', 'MBG.DE', 'MRK.DE', 'MTX.DE', 'MUV2.DE', 'P911.DE', 'PAH3.DE', 'QIA.DE', 'RHM.DE', 'RWE.DE', 'SAP.DE', 'SRT3.DE', 'SIE.DE', 'ENR.DE', 'SHL.DE', 'SY1.DE', 'VOW3.DE', 'VNA.DE', 'ZAL.DE']
2023-06-23 13:41:17:WARNING :Non-existent tickers or no data for given time interval: []
2023-06-23 13:43:48:INFO :Successfully downloaded stocks: ['META', 'ADS.DE', 'ZAL.DE', 'BMW.DE']
2023-06-23 13:43:48:WARNING :Non-existent tickers or no data for given time interval: ['GOOGG']
2023-06-23 13:44:29:INFO :DAX40 tickers loaded successfully
2023-06-23 13:45:15:INFO :Successfully downloaded stocks: ['ADS.DE', 'AIR.DE', 'ALV.DE', 'BAS.DE', 'BAYN.DE', 'BEI.DE', 'BMW.DE', 'BNR.DE', 'CBK.DE', 'CON.DE', '1COV.DE', 'DTG.DE', 'DBK.DE', 'DB1.DE', 'DPW.DE', 'DTE.DE', 'EOAN.DE', 'FRE.DE', 'HNR1.DE', 'HEI.DE', 'HEN3.DE', 'IFX.DE', 'MBG.DE', 'MRK.DE', 'MTX.DE', 'MUV2.DE', 'P911.DE', 'PAH3.DE', 'QIA.DE', 'RHM.DE', 'RWE.DE', 'SAP.DE', 'SRT3.DE', 'SIE.DE', 'ENR.DE', 'SHL.DE', 'SY1.DE', 'VOW3.DE', 'VNA.DE', 'ZAL.DE']
2023-06-23 13:45:15:WARNING :Non-existent tickers or no data for given time interval: []
2023-06-23 13:45:31:INFO :Successfully downloaded stocks: ['META', 'ADS.DE', 'ZAL.DE', 'BMW.DE']
2023-06-23 13:45:31:WARNING :Non-existent tickers or no data for given time interval: ['GOOGG']
2023-06-23 13:45:57:INFO :Successfully downloaded stocks: ['META', 'ADS.DE', 'ZAL.DE', 'BMW.DE']
2023-06-23 13:45:57:WARNING :Non-existent tickers or no data for given time interval: ['GOOGG']
2023-06-23 13:47:34:INFO :DAX40 tickers loaded successfully
2023-06-23 13:48:15:INFO :Successfully downloaded stocks: ['ADS.DE', 'AIR.DE', 'ALV.DE', 'BAS.DE', 'BAYN.DE', 'BEI.DE', 'BMW.DE', 'BNR.DE', 'CBK.DE', 'CON.DE', '1COV.DE', 'DTG.DE', 'DBK.DE', 'DB1.DE', 'DPW.DE', 'DTE.DE', 'EOAN.DE', 'FRE.DE', 'HNR1.DE', 'HEI.DE', 'HEN3.DE', 'IFX.DE', 'MBG.DE', 'MRK.DE', 'MTX.DE', 'MUV2.DE', 'P911.DE', 'PAH3.DE', 'QIA.DE', 'RHM.DE', 'RWE.DE', 'SAP.DE', 'SRT3.DE', 'SIE.DE', 'ENR.DE', 'SHL.DE', 'SY1.DE', 'VOW3.DE', 'VNA.DE', 'ZAL.DE']
2023-06-23 13:48:15:WARNING :Non-existent tickers or no data for given time interval: []
2023-06-23 13:49:43:INFO :DAX40 tickers loaded successfully
2023-06-23 13:50:24:INFO :Successfully downloaded stocks: ['ADS.DE', 'AIR.DE', 'ALV.DE', 'BAS.DE', 'BAYN.DE', 'BEI.DE', 'BMW.DE', 'BNR.DE', 'CBK.DE', 'CON.DE', '1COV.DE', 'DTG.DE', 'DBK.DE', 'DB1.DE', 'DPW.DE', 'DTE.DE', 'EOAN.DE', 'FRE.DE', 'HNR1.DE', 'HEI.DE', 'HEN3.DE', 'IFX.DE', 'MBG.DE', 'MRK.DE', 'MTX.DE', 'MUV2.DE', 'P911.DE', 'PAH3.DE', 'QIA.DE', 'RHM.DE', 'RWE.DE', 'SAP.DE', 'SRT3.DE', 'SIE.DE', 'ENR.DE', 'SHL.DE', 'SY1.DE', 'VOW3.DE', 'VNA.DE', 'ZAL.DE']
2023-06-23 13:50:24:WARNING :Non-existent tickers or no data for given time interval: []
2023-06-23 13:51:26:INFO :DAX40 tickers loaded successfully
2023-06-23 13:52:06:INFO :Successfully downloaded stocks: ['ADS.DE', 'AIR.DE', 'ALV.DE', 'BAS.DE', 'BAYN.DE', 'BEI.DE', 'BMW.DE', 'BNR.DE', 'CBK.DE', 'CON.DE', '1COV.DE', 'DTG.DE', 'DBK.DE', 'DB1.DE', 'DPW.DE', 'DTE.DE', 'EOAN.DE', 'FRE.DE', 'HNR1.DE', 'HEI.DE', 'HEN3.DE', 'IFX.DE', 'MBG.DE', 'MRK.DE', 'MTX.DE', 'MUV2.DE', 'P911.DE', 'PAH3.DE', 'QIA.DE', 'RHM.DE', 'RWE.DE', 'SAP.DE', 'SRT3.DE', 'SIE.DE', 'ENR.DE', 'SHL.DE', 'SY1.DE', 'VOW3.DE', 'VNA.DE', 'ZAL.DE']
2023-06-23 13:52:06:WARNING :Non-existent tickers or no data for given time interval: []
2023-06-23 13:52:22:INFO :DAX40 tickers loaded successfully
2023-06-23 13:53:01:INFO :Successfully downloaded stocks: ['ADS.DE', 'AIR.DE', 'ALV.DE', 'BAS.DE', 'BAYN.DE', 'BEI.DE', 'BMW.DE', 'BNR.DE', 'CBK.DE', 'CON.DE', '1COV.DE', 'DTG.DE', 'DBK.DE', 'DB1.DE', 'DPW.DE', 'DTE.DE', 'EOAN.DE', 'FRE.DE', 'HNR1.DE', 'HEI.DE', 'HEN3.DE', 'IFX.DE', 'MBG.DE', 'MRK.DE', 'MTX.DE', 'MUV2.DE', 'P911.DE', 'PAH3.DE', 'QIA.DE', 'RHM.DE', 'RWE.DE', 'SAP.DE', 'SRT3.DE', 'SIE.DE', 'ENR.DE', 'SHL.DE', 'SY1.DE', 'VOW3.DE', 'VNA.DE', 'ZAL.DE']
2023-06-23 13:53:01:WARNING :Non-existent tickers or no data for given time interval: []
2023-06-23 13:56:51:INFO :DAX40 tickers loaded successfully
2023-06-23 13:57:31:INFO :Successfully downloaded stocks: ['ADS.DE', 'AIR.DE', 'ALV.DE', 'BAS.DE', 'BAYN.DE', 'BEI.DE', 'BMW.DE', 'BNR.DE', 'CBK.DE', 'CON.DE', '1COV.DE', 'DTG.DE', 'DBK.DE', 'DB1.DE', 'DPW.DE', 'DTE.DE', 'EOAN.DE', 'FRE.DE', 'HNR1.DE', 'HEI.DE', 'HEN3.DE', 'IFX.DE', 'MBG.DE', 'MRK.DE', 'MTX.DE', 'MUV2.DE', 'P911.DE', 'PAH3.DE', 'QIA.DE', 'RHM.DE', 'RWE.DE', 'SAP.DE', 'SRT3.DE', 'SIE.DE', 'ENR.DE', 'SHL.DE', 'SY1.DE', 'VOW3.DE', 'VNA.DE', 'ZAL.DE']
2023-06-23 13:57:31:WARNING :Non-existent tickers or no data for given time interval: []
2023-06-23 14:04:35:INFO :DAX40 tickers loaded successfully
2023-06-23 14:05:15:INFO :Successfully downloaded stocks: ['ADS.DE', 'AIR.DE', 'ALV.DE', 'BAS.DE', 'BAYN.DE', 'BEI.DE', 'BMW.DE', 'BNR.DE', 'CBK.DE', 'CON.DE', '1COV.DE', 'DTG.DE', 'DBK.DE', 'DB1.DE', 'DPW.DE', 'DTE.DE', 'EOAN.DE', 'FRE.DE', 'HNR1.DE', 'HEI.DE', 'HEN3.DE', 'IFX.DE', 'MBG.DE', 'MRK.DE', 'MTX.DE', 'MUV2.DE', 'P911.DE', 'PAH3.DE', 'QIA.DE', 'RHM.DE', 'RWE.DE', 'SAP.DE', 'SRT3.DE', 'SIE.DE', 'ENR.DE', 'SHL.DE', 'SY1.DE', 'VOW3.DE', 'VNA.DE', 'ZAL.DE']
2023-06-23 14:05:15:WARNING :Non-existent tickers or no data for given time interval: []
2023-06-23 14:05:58:INFO :Successfully downloaded stocks: ['META', 'ADS.DE', 'ZAL.DE', 'BMW.DE']
2023-06-23 14:05:58:WARNING :Non-existent tickers or no data for given time interval: ['GOOGG']
2023-06-23 14:06:37:INFO :DAX40 tickers loaded successfully
2023-06-23 14:07:22:INFO :Successfully downloaded stocks: ['ADS.DE', 'AIR.DE', 'ALV.DE', 'BAS.DE', 'BAYN.DE', 'BEI.DE', 'BMW.DE', 'BNR.DE', 'CBK.DE', 'CON.DE', '1COV.DE', 'DTG.DE', 'DBK.DE', 'DB1.DE', 'DPW.DE', 'DTE.DE', 'EOAN.DE', 'FRE.DE', 'HNR1.DE', 'HEI.DE', 'HEN3.DE', 'IFX.DE', 'MBG.DE', 'MRK.DE', 'MTX.DE', 'MUV2.DE', 'P911.DE', 'PAH3.DE', 'QIA.DE', 'RHM.DE', 'RWE.DE', 'SAP.DE', 'SRT3.DE', 'SIE.DE', 'ENR.DE', 'SHL.DE', 'SY1.DE', 'VOW3.DE', 'VNA.DE', 'ZAL.DE']
2023-06-23 14:07:22:WARNING :Non-existent tickers or no data for given time interval: []
2023-06-23 14:08:04:INFO :Successfully downloaded stocks: ['META', 'ADS.DE', 'ZAL.DE', 'BMW.DE']
2023-06-23 14:08:04:WARNING :Non-existent tickers or no data for given time interval: ['GOOGG']
2023-06-23 14:08:22:INFO :Successfully downloaded stocks: ['META', 'ADS.DE', 'ZAL.DE', 'BMW.DE']
2023-06-23 14:08:22:WARNING :Non-existent tickers or no data for given time interval: ['GOOGG']
2023-06-23 14:13:25:INFO :DAX40 tickers loaded successfully
2023-06-23 14:14:06:INFO :Successfully downloaded stocks: ['ADS.DE', 'AIR.DE', 'ALV.DE', 'BAS.DE', 'BAYN.DE', 'BEI.DE', 'BMW.DE', 'BNR.DE', 'CBK.DE', 'CON.DE', '1COV.DE', 'DTG.DE', 'DBK.DE', 'DB1.DE', 'DPW.DE', 'DTE.DE', 'EOAN.DE', 'FRE.DE', 'HNR1.DE', 'HEI.DE', 'HEN3.DE', 'IFX.DE', 'MBG.DE', 'MRK.DE', 'MTX.DE', 'MUV2.DE', 'P911.DE', 'PAH3.DE', 'QIA.DE', 'RHM.DE', 'RWE.DE', 'SAP.DE', 'SRT3.DE', 'SIE.DE', 'ENR.DE', 'SHL.DE', 'SY1.DE', 'VOW3.DE', 'VNA.DE', 'ZAL.DE']
2023-06-23 14:14:06:WARNING :Non-existent tickers or no data for given time interval: []
2023-06-23 14:19:41:INFO :Successfully downloaded stocks: ['META', 'ADS.DE', 'ZAL.DE', 'BMW.DE']
2023-06-23 14:19:41:WARNING :Non-existent tickers or no data for given time interval: ['GOOGG']
2023-06-23 14:21:03:INFO :Successfully downloaded stocks: ['META', 'ADS.DE', 'ZAL.DE', 'BMW.DE']
2023-06-23 14:21:03:WARNING :Non-existent tickers or no data for given time interval: ['GOOGG']
2023-07-08 12:04:12:INFO :DAX40 tickers loaded successfully
2023-07-08 12:05:10:INFO :Successfully downloaded stocks: ['ADS.DE', 'AIR.DE', 'ALV.DE', 'BAS.DE', 'BAYN.DE', 'BEI.DE', 'BMW.DE', 'BNR.DE', 'CBK.DE', 'CON.DE', '1COV.DE', 'DTG.DE', 'DBK.DE', 'DB1.DE', 'DPW.DE', 'DTE.DE', 'EOAN.DE', 'FRE.DE', 'HNR1.DE', 'HEI.DE', 'HEN3.DE', 'IFX.DE', 'MBG.DE', 'MRK.DE', 'MTX.DE', 'MUV2.DE', 'P911.DE', 'PAH3.DE', 'QIA.DE', 'RHM.DE', 'RWE.DE', 'SAP.DE', 'SRT3.DE', 'SIE.DE', 'ENR.DE', 'SHL.DE', 'SY1.DE', 'VOW3.DE', 'VNA.DE', 'ZAL.DE']
2023-07-08 12:05:10:WARNING :Non-existent tickers or no data for given time interval: []
2023-07-08 12:09:02:INFO :Successfully downloaded stocks: ['META', 'TSLA', 'SNAP', 'GOOG', 'AMZN', 'AAPL', 'NFLX']
2023-07-08 12:09:02:WARNING :Non-existent tickers or no data for given time interval: []
2023-07-08 12:10:26:INFO :Successfully downloaded stocks: ['META', 'TSLA', 'SNAP', 'GOOG', 'AMZN', 'AAPL', 'NFLX']
2023-07-08 12:10:26:WARNING :Non-existent tickers or no data for given time interval: []
2023-07-08 12:10:54:INFO :Successfully downloaded stocks: ['META', 'TSLA', 'SNAP', 'GOOG', 'AMZN', 'AAPL']
2023-07-08 12:10:54:WARNING :Non-existent tickers or no data for given time interval: ['NFLXX']
2023-07-08 12:12:50:INFO :DAX40 tickers loaded successfully
2023-07-08 12:13:42:INFO :Successfully downloaded stocks: ['ADS.DE', 'AIR.DE', 'ALV.DE', 'BAS.DE', 'BAYN.DE', 'BEI.DE', 'BMW.DE', 'BNR.DE', 'CBK.DE', 'CON.DE', '1COV.DE', 'DTG.DE', 'DBK.DE', 'DB1.DE', 'DPW.DE', 'DTE.DE', 'EOAN.DE', 'FRE.DE', 'HNR1.DE', 'HEI.DE', 'HEN3.DE', 'IFX.DE', 'MBG.DE', 'MRK.DE', 'MTX.DE', 'MUV2.DE', 'P911.DE', 'PAH3.DE', 'QIA.DE', 'RHM.DE', 'RWE.DE', 'SAP.DE', 'SRT3.DE', 'SIE.DE', 'ENR.DE', 'SHL.DE', 'SY1.DE', 'VOW3.DE', 'VNA.DE', 'ZAL.DE']
2023-07-08 12:13:42:WARNING :Non-existent tickers or no data for given time interval: []
2023-07-08 12:15:33:INFO :Successfully downloaded stocks: ['META', 'TSLA', 'SNAP', 'GOOG', 'AMZN', 'AAPL', 'NFLX']
2023-07-08 12:15:33:WARNING :Non-existent tickers or no data for given time interval: []
2023-07-08 12:16:33:INFO :Successfully downloaded stocks: ['META', 'TSLA', 'SNAP', 'GOOG', 'AMZN', 'AAPL', 'NFLX']
2023-07-08 12:16:33:WARNING :Non-existent tickers or no data for given time interval: []
2023-07-08 12:17:14:INFO :Successfully downloaded stocks: ['META', 'TSLA', 'SNAP', 'GOOG', 'AMZN', 'AAPL', 'NFLX']
2023-07-08 12:17:14:WARNING :Non-existent tickers or no data for given time interval: []
